<?xml version="1.0" encoding="UTF-8"?>
<!-- Generated by org.testng.reporters.JUnitXMLReporter -->
<testsuite ignored="1" hostname="ES-LAPTOP-680" failures="0" tests="1" name="Default test" time="13.141" errors="0" timestamp="2024-03-06T08:30:28 IST">
  <testcase classname="testcases.importTest" name="navigateToImport" time="2.862"/>
  <testcase classname="testcases.importTest" name="getexamcentrebycode" time="0.0">
    <ignored/>
  </testcase> <!-- getexamcentrebycode -->
</testsuite> <!-- Default test -->
