<?xml version="1.0" encoding="UTF-8"?>
<testng-results ignored="0" total="1" passed="1" failed="0" skipped="0">
  <reporter-output>
  </reporter-output>
  <suite started-at="2023-12-10T20:41:57 IST" name="Default suite" finished-at="2023-12-10T20:42:03 IST" duration-ms="5256">
    <groups>
    </groups>
    <test started-at="2023-12-10T20:41:57 IST" name="Default test" finished-at="2023-12-10T20:42:03 IST" duration-ms="5256">
      <class name="testcases.importTest">
        <test-method is-config="true" signature="launchurl()[pri:0, instance:testcases.importTest@248e319b]" started-at="2023-12-10T20:41:47 IST" name="launchurl" finished-at="2023-12-10T20:41:57 IST" duration-ms="10212" status="PASS">
          <reporter-output>
          </reporter-output>
        </test-method> <!-- launchurl -->
        <test-method signature="importproject()[pri:0, instance:testcases.importTest@248e319b]" started-at="2023-12-10T20:41:57 IST" name="importproject" description=" Verify able to import the project " finished-at="2023-12-10T20:42:03 IST" duration-ms="5206" status="PASS">
          <reporter-output>
          </reporter-output>
        </test-method> <!-- importproject -->
      </class> <!-- testcases.importTest -->
    </test> <!-- Default test -->
  </suite> <!-- Default suite -->
</testng-results>
