<?xml version="1.0" encoding="UTF-8"?>
<testng-results ignored="0" total="1" passed="1" failed="0" skipped="0">
  <reporter-output>
  </reporter-output>
  <suite started-at="2023-11-03T19:55:43 IST" name="Default suite" finished-at="2023-11-03T19:56:08 IST" duration-ms="24458">
    <groups>
    </groups>
    <test started-at="2023-11-03T19:55:43 IST" name="Default test" finished-at="2023-11-03T19:56:08 IST" duration-ms="24458">
      <class name="testcases.login">
        <test-method is-config="true" signature="setup()[pri:0, instance:testcases.login@2af004b]" started-at="2023-11-03T19:55:43 IST" name="setup" finished-at="2023-11-03T19:56:07 IST" duration-ms="24070" status="PASS">
          <reporter-output>
          </reporter-output>
        </test-method> <!-- setup -->
        <test-method signature="loginEo()[pri:1, instance:testcases.login@2af004b]" started-at="2023-11-03T19:56:07 IST" name="loginEo" finished-at="2023-11-03T19:56:08 IST" duration-ms="328" status="PASS">
          <reporter-output>
          </reporter-output>
        </test-method> <!-- loginEo -->
      </class> <!-- testcases.login -->
    </test> <!-- Default test -->
  </suite> <!-- Default suite -->
</testng-results>
